This is perl6 version 2014.12 built on MoarVM version 2014.12
[15:52:29] t\Base.t ................... ok    23792 ms
[15:52:52] t\BaseP6.t ................. ok    19638 ms
[15:53:12] t\BetaReduction-perf.t ..... 3/5 # CurryStats: n/a
# 4.2 sec consumed for ß-reduction
[15:53:12] t\BetaReduction-perf.t ..... 5/5 # CurryStats: n/a
[15:53:12] t\BetaReduction-perf.t ..... ok    28421 ms
[15:53:41] t\BetaReduction.t .......... 111/124 # CurryStats: n/a
[15:53:41] t\BetaReduction.t .......... ok    35620 ms
[15:54:16] t\Boolean.t ................ ok    20875 ms
[15:54:37] t\ChurchNat.t .............. ok    33873 ms
[15:55:11] t\EtaReduction.t ........... ok    27515 ms
[15:55:39] t\FreeVars.t ............... ok    22976 ms
[15:56:01] t\Grammar.t ................ ok    19906 ms
[15:56:21] t\LambdaInP6.t ............. ok    21389 ms
[15:56:43] t\Misc.t ................... ok    27125 ms
[15:57:10] t\P6Currying.t ............. ok     7273 ms
[15:57:17] t\Substitution.t ........... ok    25468 ms
[15:57:43] t\ADTs\ADT_auto.t .......... ok     5980 ms
[15:57:49] t\ADTs\ListADT.t ........... ok    32968 ms
[15:58:22] t\ADTs\MaybeADT.t .......... ok    22031 ms
[15:58:44] t\ADTs\PairADT.t ........... ok    21341 ms
[15:59:05] t\ADTs\Streams.t ........... ok    15093 ms
[15:59:20] t\ADTs\TermADT-extra.t ..... ok    26554 ms
[15:59:47] t\ADTs\TermADT.t ........... ok    23718 ms
[16:00:11] t\Conversion\Conversion.t .. ok    16223 ms
[16:00:27] t\Test\Util.t .............. ok    19390 ms
[16:00:46]
All tests successful.
Files=22, Tests=1174, 497 wallclock secs ( 0.80 usr +  0.33 sys =  1.13 CPU)
Result: PASS